#-----------------------------------------------------------
# PlanAhead v14.7 (64-bit)
# Build 321239 by xbuild on Fri Sep 27 19:24:36 MDT 2013
# Start of session at: Wed Dec 10 19:00:50 2014
# Process ID: 5171
# Log file: /home/smahmood/Parallella-Projects/planAhead.log
# Journal file: /home/smahmood/Parallella-Projects/planAhead.jou
#-----------------------------------------------------------
INFO: [Common 17-78] Attempting to get a license: PlanAhead
INFO: [Common 17-290] Got license for PlanAhead
INFO: [Device 21-36] Loading parts and site information from /opt/Xilinx/14.7/ISE_DS/PlanAhead/data/parts/arch.xml
Parsing RTL primitives file [/opt/Xilinx/14.7/ISE_DS/PlanAhead/data/parts/xilinx/rtl/prims/rtl_prims.xml]
Finished parsing RTL primitives file [/opt/Xilinx/14.7/ISE_DS/PlanAhead/data/parts/xilinx/rtl/prims/rtl_prims.xml]
start_gui
open_project p7010hdmi/p7010hdmi.ppr
INFO: [Edk 24-79] Generating BXML file for 'system'...

Xilinx Platform Studio
Xilinx EDK 14.7 Build EDK_P.20131013
Copyright (c) 1995-2012 Xilinx, Inc.  All rights reserved.

XPS% Evaluating file
/home/smahmood/Parallella-Projects/p7010hdmi/p7010hdmi.srcs/sources_1/system/__x
ps/pa/_system_genbxml.tcl
Created pcores directory
WARNING:EDK - Invalid path specified for ModuleSearchPath in XMP file. Please
   make sure that the directory specified exists.
WARNING:EDK - Invalid path specified for ModuleSearchPath in XMP file. Please
   make sure that the directory specified exists.
ERROR:EDK - IPNAME: axi_hdmi_tx_16b, INSTANCE: axi_hdmi_tx_16b_0 - cannot find
   MPD for the pcore 'axi_hdmi_tx_16b_v1_00_a' in any of the repositories -
   /home/smahmood/Parallella-Projects/p7010hdmi/p7010hdmi.srcs/sources_1/system/
   system.mhs line 359 
ERROR:EDK - IPNAME: axi_hdmi_tx_16b, INSTANCE: axi_hdmi_tx_16b_0 - cannot find
   MPD for the pcore 'axi_hdmi_tx_16b_v1_00_a' in any of the repositories -
   /home/smahmood/Parallella-Projects/p7010hdmi/p7010hdmi.srcs/sources_1/system/
   system.mhs line 359 
ERROR:EDK - IPNAME: axi_clkgen, INSTANCE: axi_clkgen_0 - cannot find MPD for the
   pcore 'axi_clkgen_v1_00_a' in any of the repositories -
   /home/smahmood/Parallella-Projects/p7010hdmi/p7010hdmi.srcs/sources_1/system/
   system.mhs line 380 
ERROR:EDK - IPNAME: axi_spdif_tx, INSTANCE: axi_spdif_tx_0 - cannot find MPD for
   the pcore 'axi_spdif_tx_v1_00_a' in any of the repositories -
   /home/smahmood/Parallella-Projects/p7010hdmi/p7010hdmi.srcs/sources_1/system/
   system.mhs line 391 
WARNING:EDK - IPNAME: clock_generator, INSTANCE: clock_generator_0 -
   Pre-Production version not verified on hardware for architecture 'zynq' -
   /home/smahmood/Parallella-Projects/p7010hdmi/p7010hdmi.srcs/sources_1/system/
   system.mhs line 412 
ERROR:EDK - IPNAME: axi_hdmi_tx_16b, INSTANCE: axi_hdmi_tx_16b_0 - cannot find
   MPD for the pcore -
   /home/smahmood/Parallella-Projects/p7010hdmi/p7010hdmi.srcs/sources_1/system/
   system.mhs line 359 
ERROR:EDK - IPNAME: axi_clkgen, INSTANCE: axi_clkgen_0 - cannot find MPD for the
   pcore -
   /home/smahmood/Parallella-Projects/p7010hdmi/p7010hdmi.srcs/sources_1/system/
   system.mhs line 380 
ERROR:EDK - IPNAME: axi_spdif_tx, INSTANCE: axi_spdif_tx_0 - cannot find MPD for
   the pcore -
   /home/smahmood/Parallella-Projects/p7010hdmi/p7010hdmi.srcs/sources_1/system/
   system.mhs line 391 
ERROR:EDK - while loading XMP file
CRITICAL WARNING: [Edk 24-160] BXML file generation failed for source 'system'. Please see console for any errors/warnings that may be reported.
Scanning sources...
Finished scanning sources
Verifying device settings for 'system.xmp' with current project...

Xilinx Platform Studio
Xilinx EDK 14.7 Build EDK_P.20131013
Copyright (c) 1995-2012 Xilinx, Inc.  All rights reserved.

XPS% Evaluating file
/home/smahmood/Parallella-Projects/p7010hdmi/p7010hdmi.srcs/sources_1/system/__x
ps/pa/_system_devmatch.tcl
WARNING:EDK - Invalid path specified for ModuleSearchPath in XMP file. Please
   make sure that the directory specified exists.
WARNING:EDK - Invalid path specified for ModuleSearchPath in XMP file. Please
   make sure that the directory specified exists.
ERROR:EDK - IPNAME: axi_hdmi_tx_16b, INSTANCE: axi_hdmi_tx_16b_0 - cannot find
   MPD for the pcore 'axi_hdmi_tx_16b_v1_00_a' in any of the repositories -
   /home/smahmood/Parallella-Projects/p7010hdmi/p7010hdmi.srcs/sources_1/system/
   system.mhs line 359 
ERROR:EDK - IPNAME: axi_hdmi_tx_16b, INSTANCE: axi_hdmi_tx_16b_0 - cannot find
   MPD for the pcore 'axi_hdmi_tx_16b_v1_00_a' in any of the repositories -
   /home/smahmood/Parallella-Projects/p7010hdmi/p7010hdmi.srcs/sources_1/system/
   system.mhs line 359 
ERROR:EDK - IPNAME: axi_clkgen, INSTANCE: axi_clkgen_0 - cannot find MPD for the
   pcore 'axi_clkgen_v1_00_a' in any of the repositories -
   /home/smahmood/Parallella-Projects/p7010hdmi/p7010hdmi.srcs/sources_1/system/
   system.mhs line 380 
ERROR:EDK - IPNAME: axi_spdif_tx, INSTANCE: axi_spdif_tx_0 - cannot find MPD for
   the pcore 'axi_spdif_tx_v1_00_a' in any of the repositories -
   /home/smahmood/Parallella-Projects/p7010hdmi/p7010hdmi.srcs/sources_1/system/
   system.mhs line 391 
WARNING:EDK - IPNAME: clock_generator, INSTANCE: clock_generator_0 -
   Pre-Production version not verified on hardware for architecture 'zynq' -
   /home/smahmood/Parallella-Projects/p7010hdmi/p7010hdmi.srcs/sources_1/system/
   system.mhs line 412 
ERROR:EDK - IPNAME: axi_hdmi_tx_16b, INSTANCE: axi_hdmi_tx_16b_0 - cannot find
   MPD for the pcore -
   /home/smahmood/Parallella-Projects/p7010hdmi/p7010hdmi.srcs/sources_1/system/
   system.mhs line 359 
ERROR:EDK - IPNAME: axi_clkgen, INSTANCE: axi_clkgen_0 - cannot find MPD for the
   pcore -
   /home/smahmood/Parallella-Projects/p7010hdmi/p7010hdmi.srcs/sources_1/system/
   system.mhs line 380 
ERROR:EDK - IPNAME: axi_spdif_tx, INSTANCE: axi_spdif_tx_0 - cannot find MPD for
   the pcore -
   /home/smahmood/Parallella-Projects/p7010hdmi/p7010hdmi.srcs/sources_1/system/
   system.mhs line 391 
ERROR:EDK - while loading XMP file
CRITICAL WARNING: [Edk 24-162] The device settings for system.xmp does not match with the current project. Please change the device settings in the current project to match with XMP project.
Device settings check completed.
open_project: Time (s): cpu = 00:00:11 ; elapsed = 00:00:07 . Memory (MB): peak = 2645.820 ; gain = 31.176
update_compile_order -fileset sources_1
INFO: [IP_Flow 19-234] Refreshing IP repositories
INFO: [IP_Flow 19-1704] No user repositories specified
INFO: [IP_Flow 19-816] Loaded Xilinx IP repository '/opt/Xilinx/14.7/ISE_DS/ISE/'
exit
INFO: [Common 17-206] Exiting PlanAhead at Wed Dec 10 19:03:57 2014...
INFO: [Common 17-83] Releasing license: PlanAhead
