=====================
Opened log file
=====================
Created pcores directory
=====================
Opened log file
=====================
Xilinx Platform Studio (XPS)
Xilinx EDK 14.7 Build EDK_P.20131013

Xilinx EDK 14.7 Build EDK_P.20131013

WARNING:EDK - Invalid path specified for ModuleSearchPath in XMP file. Please
   make sure that the directory specified exists.
WARNING:EDK - Invalid path specified for ModuleSearchPath in XMP file. Please
   make sure that the directory specified exists.
ERROR:EDK - IPNAME: axi_hdmi_tx_16b, INSTANCE: axi_hdmi_tx_16b_0 - cannot find
   MPD for the pcore 'axi_hdmi_tx_16b_v1_00_a' in any of the repositories -
   /home/smahmood/Parallella-Projects/p7010hdmi/p7010hdmi.srcs/sources_1/system/
   system.mhs line 359 
ERROR:EDK - IPNAME: axi_hdmi_tx_16b, INSTANCE: axi_hdmi_tx_16b_0 - cannot find
   MPD for the pcore 'axi_hdmi_tx_16b_v1_00_a' in any of the repositories -
   /home/smahmood/Parallella-Projects/p7010hdmi/p7010hdmi.srcs/sources_1/system/
   system.mhs line 359 
ERROR:EDK - IPNAME: axi_clkgen, INSTANCE: axi_clkgen_0 - cannot find MPD for the
   pcore 'axi_clkgen_v1_00_a' in any of the repositories -
   /home/smahmood/Parallella-Projects/p7010hdmi/p7010hdmi.srcs/sources_1/system/
   system.mhs line 380 
ERROR:EDK - IPNAME: axi_spdif_tx, INSTANCE: axi_spdif_tx_0 - cannot find MPD for
   the pcore 'axi_spdif_tx_v1_00_a' in any of the repositories -
   /home/smahmood/Parallella-Projects/p7010hdmi/p7010hdmi.srcs/sources_1/system/
   system.mhs line 391 
WARNING:EDK - IPNAME: clock_generator, INSTANCE: clock_generator_0 -
   Pre-Production version not verified on hardware for architecture 'zynq' -
   /home/smahmood/Parallella-Projects/p7010hdmi/p7010hdmi.srcs/sources_1/system/
   system.mhs line 412 
ERROR:EDK - IPNAME: axi_hdmi_tx_16b, INSTANCE: axi_hdmi_tx_16b_0 - cannot find
   MPD for the pcore -
   /home/smahmood/Parallella-Projects/p7010hdmi/p7010hdmi.srcs/sources_1/system/
   system.mhs line 359 
ERROR:EDK - IPNAME: axi_clkgen, INSTANCE: axi_clkgen_0 - cannot find MPD for the
   pcore -
   /home/smahmood/Parallella-Projects/p7010hdmi/p7010hdmi.srcs/sources_1/system/
   system.mhs line 380 
ERROR:EDK - IPNAME: axi_spdif_tx, INSTANCE: axi_spdif_tx_0 - cannot find MPD for
   the pcore -
   /home/smahmood/Parallella-Projects/p7010hdmi/p7010hdmi.srcs/sources_1/system/
   system.mhs line 391 
=====================
Opened log file
=====================
=====================
Opened log file
=====================
Xilinx Platform Studio (XPS)
Xilinx EDK 14.7 Build EDK_P.20131013

Xilinx EDK 14.7 Build EDK_P.20131013

WARNING:EDK - Invalid path specified for ModuleSearchPath in XMP file. Please
   make sure that the directory specified exists.
WARNING:EDK - Invalid path specified for ModuleSearchPath in XMP file. Please
   make sure that the directory specified exists.
ERROR:EDK - IPNAME: axi_hdmi_tx_16b, INSTANCE: axi_hdmi_tx_16b_0 - cannot find
   MPD for the pcore 'axi_hdmi_tx_16b_v1_00_a' in any of the repositories -
   /home/smahmood/Parallella-Projects/p7010hdmi/p7010hdmi.srcs/sources_1/system/
   system.mhs line 359 
ERROR:EDK - IPNAME: axi_hdmi_tx_16b, INSTANCE: axi_hdmi_tx_16b_0 - cannot find
   MPD for the pcore 'axi_hdmi_tx_16b_v1_00_a' in any of the repositories -
   /home/smahmood/Parallella-Projects/p7010hdmi/p7010hdmi.srcs/sources_1/system/
   system.mhs line 359 
ERROR:EDK - IPNAME: axi_clkgen, INSTANCE: axi_clkgen_0 - cannot find MPD for the
   pcore 'axi_clkgen_v1_00_a' in any of the repositories -
   /home/smahmood/Parallella-Projects/p7010hdmi/p7010hdmi.srcs/sources_1/system/
   system.mhs line 380 
ERROR:EDK - IPNAME: axi_spdif_tx, INSTANCE: axi_spdif_tx_0 - cannot find MPD for
   the pcore 'axi_spdif_tx_v1_00_a' in any of the repositories -
   /home/smahmood/Parallella-Projects/p7010hdmi/p7010hdmi.srcs/sources_1/system/
   system.mhs line 391 
WARNING:EDK - IPNAME: clock_generator, INSTANCE: clock_generator_0 -
   Pre-Production version not verified on hardware for architecture 'zynq' -
   /home/smahmood/Parallella-Projects/p7010hdmi/p7010hdmi.srcs/sources_1/system/
   system.mhs line 412 
ERROR:EDK - IPNAME: axi_hdmi_tx_16b, INSTANCE: axi_hdmi_tx_16b_0 - cannot find
   MPD for the pcore -
   /home/smahmood/Parallella-Projects/p7010hdmi/p7010hdmi.srcs/sources_1/system/
   system.mhs line 359 
ERROR:EDK - IPNAME: axi_clkgen, INSTANCE: axi_clkgen_0 - cannot find MPD for the
   pcore -
   /home/smahmood/Parallella-Projects/p7010hdmi/p7010hdmi.srcs/sources_1/system/
   system.mhs line 380 
ERROR:EDK - IPNAME: axi_spdif_tx, INSTANCE: axi_spdif_tx_0 - cannot find MPD for
   the pcore -
   /home/smahmood/Parallella-Projects/p7010hdmi/p7010hdmi.srcs/sources_1/system/
   system.mhs line 391 
